Copyright 1986-2018 Xilinx, Inc. All Rights Reserved.
-------------------------------------------------------------------------------------
| Tool Version : Vivado v.2018.3 (win64) Build 2405991 Thu Dec  6 23:38:27 MST 2018
| Date         : Sun Aug  2 15:49:45 2020
| Host         : ZJZL-20200722UD running 64-bit major release  (build 9200)
| Command      : report_control_sets -verbose -file Gyro_top_control_sets_placed.rpt
| Design       : Gyro_top
| Device       : xc7s15
-------------------------------------------------------------------------------------

Control Set Information

Table of Contents
-----------------
1. Summary
2. Histogram
3. Flip-Flop Distribution
4. Detailed Control Set Information

1. Summary
----------

+----------------------------------------------------------+-------+
|                          Status                          | Count |
+----------------------------------------------------------+-------+
| Number of unique control sets                            |    39 |
| Unused register locations in slices containing registers |   104 |
+----------------------------------------------------------+-------+


2. Histogram
------------

+--------+--------------+
| Fanout | Control Sets |
+--------+--------------+
|      1 |            3 |
|      2 |            2 |
|      3 |            1 |
|      4 |            3 |
|      5 |            1 |
|      6 |            2 |
|      8 |           11 |
|      9 |            1 |
|     11 |            1 |
|     13 |            1 |
|    16+ |           13 |
+--------+--------------+


3. Flip-Flop Distribution
-------------------------

+--------------+-----------------------+------------------------+-----------------+--------------+
| Clock Enable | Synchronous Set/Reset | Asynchronous Set/Reset | Total Registers | Total Slices |
+--------------+-----------------------+------------------------+-----------------+--------------+
| No           | No                    | No                     |              15 |            9 |
| No           | No                    | Yes                    |             369 |          105 |
| No           | Yes                   | No                     |              32 |            8 |
| Yes          | No                    | No                     |             112 |           28 |
| Yes          | No                    | Yes                    |             234 |           66 |
| Yes          | Yes                   | No                     |              30 |            8 |
+--------------+-----------------------+------------------------+-----------------+--------------+


4. Detailed Control Set Information
-----------------------------------

+-------------------------------------+-----------------------------------------------+----------------------------------------------------------+------------------+----------------+
|             Clock Signal            |                 Enable Signal                 |                     Set/Reset Signal                     | Slice Load Count | Bel Load Count |
+-------------------------------------+-----------------------------------------------+----------------------------------------------------------+------------------+----------------+
| ~I_qspi_clk_IBUF_BUFG               |                                               | I_qspi_cs_IBUF                                           |                1 |              1 |
|  System_Clock/inst/clk_out1         | IIC_0/iic_sda_o_i_1_n_0                       | Gyro_driver0/Gyro_Init_0/rst                             |                1 |              1 |
|  System_Clock/inst/clk_out1         | Gyro_driver0/Gyro_Read_Data_0/reg_addr_l_o_0  | UART0_Ctrl/UART_Package0/rst_0                           |                1 |              1 |
|  System_Clock/inst/clk_out1         | Gyro_driver0/magx_data_o[7]_i_1_n_0           | Gyro_driver0/Gyro_Init_0/rst                             |                1 |              2 |
| ~System_Clock/inst/clk_out1         |                                               |                                                          |                2 |              2 |
|  UART0_Ctrl/UART0/Clk_UART/clk_UART |                                               | Gyro_driver0/Gyro_Read_Data_0/Trigger_Write/rst          |                1 |              3 |
|  I_qspi_clk_IBUF_BUFG               | nolabel_line156/addr0                         | I_qspi_cs_IBUF                                           |                1 |              4 |
|  I_qspi_clk_IBUF_BUFG               | nolabel_line156/R_o_data[7]_i_1_n_0           | I_qspi_cs_IBUF                                           |                1 |              4 |
|  System_Clock/inst/clk_out1         | Gyro_driver0/Gyro_Init_0/init_cnt[3]_i_1_n_0  | Gyro_driver0/Gyro_Read_Data_0/Trigger_Write/rst          |                1 |              4 |
|  System_Clock/inst/clk_out1         | Gyro_driver0/Gyro_Read_Data_0/reg_addr_l_o_0  | UART0_Ctrl/UART_Package0/rst                             |                2 |              5 |
|  System_Clock/inst/clk_out1         | Gyro_driver0/magx_data_o[7]_i_1_n_0           | UART0_Ctrl/UART_Package0/rst_0                           |                2 |              6 |
|  System_Clock/inst/clk_out1         | UART0_Ctrl/data_5                             | UART0_Ctrl/UART_Package0/rst                             |                2 |              6 |
|  System_Clock/inst/clk_out1         | Gyro_driver0/temperature_data_o1              | Gyro_driver0/Gyro_Init_0/rst                             |                3 |              8 |
|  System_Clock/inst/clk_out1         | Gyro_driver0/Gyro_Read_Data_0/read_data_o     | Gyro_driver0/Gyro_Read_Data_0/Trigger_Write/rst          |                4 |              8 |
|  I_qspi_clk_IBUF_BUFG               | nolabel_line156/R_o_addr                      | I_qspi_cs_IBUF                                           |                2 |              8 |
|  System_Clock/inst/clk_out1         | Gyro_driver0/anglez_data_o[7]_i_1_n_0         | Gyro_driver0/Gyro_Init_0/rst                             |                2 |              8 |
|  System_Clock/inst/clk_out1         | Gyro_driver0/angley_data_o[7]_i_1_n_0         | Gyro_driver0/Gyro_Init_0/rst                             |                2 |              8 |
|  System_Clock/inst/clk_out1         | Gyro_driver0/anglez_data_o[15]_i_1_n_0        | Gyro_driver0/Gyro_Init_0/rst                             |                2 |              8 |
|  System_Clock/inst/clk_out1         | Gyro_driver0/anglex_data_o[7]_i_1_n_0         | Gyro_driver0/Gyro_Init_0/rst                             |                3 |              8 |
|  System_Clock/inst/clk_out1         | Gyro_driver0/anglex_data_o[15]_i_1_n_0        | Gyro_driver0/Gyro_Init_0/rst                             |                2 |              8 |
|  System_Clock/inst/clk_out1         | Gyro_driver0/angley_data_o[15]_i_1_n_0        | Gyro_driver0/Gyro_Init_0/rst                             |                2 |              8 |
|  System_Clock/inst/clk_out1         | Gyro_driver0/magx_data_o[15]_i_1_n_0          | Gyro_driver0/Gyro_Init_0/rst                             |                2 |              8 |
|  System_Clock/inst/clk_out1         | Gyro_driver0/temperature_data_o[15]_i_1_n_0   | Gyro_driver0/Gyro_Init_0/rst                             |                4 |              8 |
|  System_Clock/inst/clk_out1         | UART0_Ctrl/UART0/test1/Send_Buffer[7]_i_1_n_0 | Gyro_driver0/Gyro_Read_Data_0/Trigger_Write/rst          |                2 |              9 |
|  System_Clock/inst/clk_out1         | Gyro_driver0/Gyro_Init_0/reg_addr_l_o0        | Gyro_driver0/Gyro_Init_0/rst                             |                3 |             11 |
|  System_Clock/inst/clk_out1         |                                               |                                                          |                7 |             13 |
|  System_Clock/inst/clk_out1         | UART0_Ctrl/UART_Package0/tx_wr_data_0         | UART0_Ctrl/UART_Package0/rst_1                           |                7 |             24 |
|  I_qspi_clk_IBUF_BUFG               |                                               | I_qspi_cs_IBUF                                           |                8 |             24 |
|  System_Clock/inst/clk_out1         |                                               | Gyro_driver0/Gyro_Init_0/rst                             |               11 |             26 |
|  System_Clock/inst/clk_out1         | UART0_Ctrl/UART_Package0/tx_wr_data_0         | UART0_Ctrl/UART_Package0/rst_0                           |                7 |             27 |
|  System_Clock/inst/clk_out1         | rst_IBUF                                      | Gyro_driver0/Gyro_Read_Data_0/read_clock/cnt[30]_i_1_n_0 |                8 |             30 |
|  System_Clock/inst/clk_out1         |                                               | UART0_Ctrl/UART0/Clk_UART/Count[0]_i_1_n_0               |                8 |             32 |
|  System_Clock/inst/clk_out1         | rst_IBUF                                      |                                                          |                8 |             32 |
|  System_Clock/inst/clk_out1         | UART0_Ctrl/data_5                             | UART0_Ctrl/UART_Package0/rst_1                           |                7 |             42 |
|  System_Clock/inst/clk_out1         |                                               | UART0_Ctrl/UART_Package0/rst_1                           |                8 |             46 |
|  System_Clock/inst/clk_out1         |                                               | UART0_Ctrl/UART_Package0/rst_0                           |               30 |             78 |
|  System_Clock/inst/clk_out1         | Ram/p_0_in                                    |                                                          |               20 |             80 |
|  System_Clock/inst/clk_out1         |                                               | Gyro_driver0/Gyro_Read_Data_0/Trigger_Write/rst          |               23 |             90 |
|  System_Clock/inst/clk_out1         |                                               | UART0_Ctrl/UART_Package0/rst                             |               23 |            101 |
+-------------------------------------+-----------------------------------------------+----------------------------------------------------------+------------------+----------------+


