#-----------------------------------------------------------
# Vivado v2018.3 (64-bit)
# SW Build 2405991 on Thu Dec  6 23:38:27 MST 2018
# IP Build 2404404 on Fri Dec  7 01:43:56 MST 2018
# Start of session at: Sun Aug  2 15:38:15 2020
# Process ID: 12832
# Current directory: C:/Users/Administrator/Desktop/Shake_3
# Command line: vivado.exe -gui_launcher_event rodinguilauncherevent4136 C:\Users\Administrator\Desktop\Shake_3\Shake_1.xpr
# Log file: C:/Users/Administrator/Desktop/Shake_3/vivado.log
# Journal file: C:/Users/Administrator/Desktop/Shake_3\vivado.jou
#-----------------------------------------------------------
start_gui
open_project C:/Users/Administrator/Desktop/Shake_3/Shake_1.xpr
Scanning sources...
Finished scanning sources
INFO: [IP_Flow 19-234] Refreshing IP repositories
INFO: [IP_Flow 19-1704] No user IP repositories specified
INFO: [IP_Flow 19-2313] Loaded Vivado IP repository 'C:/Xilinx/Vivado/2018.3/data/ip'.
open_project: Time (s): cpu = 00:00:27 ; elapsed = 00:00:15 . Memory (MB): peak = 811.316 ; gain = 191.406
update_compile_order -fileset sources_1
set_property  ip_repo_paths  C:/Users/Administrator/Desktop/Shake_3/Shake_1.srcs/sources_1/ip/clk_wiz_0 [current_project]
update_ip_catalog
INFO: [IP_Flow 19-234] Refreshing IP repositories
INFO: [IP_Flow 19-1700] Loaded user IP repository 'c:/Users/Administrator/Desktop/Shake_3/Shake_1.srcs/sources_1/ip/clk_wiz_0'.
update_ip_catalog -add_ip C:/Users/Administrator/Desktop/Shake_3/Shake_1.srcs/sources_1/ip/clk_wiz_0/clk_wiz_0.xml -repo_path c:/Users/Administrator/Desktop/Shake_3/Shake_1.srcs/sources_1/ip/clk_wiz_0
INFO: [IP_Flow 19-1655] Copied IP 'xilinx.com:customized_ip:clk_wiz_0:1.0' into repository 'c:/Users/Administrator/Desktop/Shake_3/Shake_1.srcs/sources_1/ip/clk_wiz_0' at c:/Users/Administrator/Desktop/Shake_3/Shake_1.srcs/sources_1/ip/clk_wiz_0/clk_wiz_0.
INFO: [IP_Flow 19-725] Reloaded user IP repository 'c:/Users/Administrator/Desktop/Shake_3/Shake_1.srcs/sources_1/ip/clk_wiz_0'
update_ip_catalog -add_ip C:/Users/Administrator/Desktop/Shake_3/Shake_1.srcs/sources_1/ip/clk_wiz_0/clk_wiz_0/clk_wiz_0.xml -repo_path c:/Users/Administrator/Desktop/Shake_3/Shake_1.srcs/sources_1/ip/clk_wiz_0
INFO: [IP_Flow 19-1655] Copied IP 'xilinx.com:customized_ip:clk_wiz_0:1.0' into repository 'c:/Users/Administrator/Desktop/Shake_3/Shake_1.srcs/sources_1/ip/clk_wiz_0' at c:/Users/Administrator/Desktop/Shake_3/Shake_1.srcs/sources_1/ip/clk_wiz_0/clk_wiz_0_1.
INFO: [IP_Flow 19-725] Reloaded user IP repository 'c:/Users/Administrator/Desktop/Shake_3/Shake_1.srcs/sources_1/ip/clk_wiz_0'
set_property  ip_repo_paths  {} [current_project]
update_ip_catalog
INFO: [IP_Flow 19-234] Refreshing IP repositories
INFO: [IP_Flow 19-1704] No user IP repositories specified
add_files C:/Users/Administrator/Desktop/Shake_3/Shake_1.srcs/sources_1/ip/clk_wiz_0/clk_wiz_0.xci
export_ip_user_files -of_objects  [get_files  C:/Users/Administrator/Desktop/Shake_3/Shake_1.srcs/sources_1/ip/clk_wiz_0/clk_wiz_0.xci] -lib_map_path [list {modelsim=C:/Users/Administrator/Desktop/Shake_3/Shake_1.cache/compile_simlib/modelsim} {questa=C:/Users/Administrator/Desktop/Shake_3/Shake_1.cache/compile_simlib/questa} {riviera=C:/Users/Administrator/Desktop/Shake_3/Shake_1.cache/compile_simlib/riviera} {activehdl=C:/Users/Administrator/Desktop/Shake_3/Shake_1.cache/compile_simlib/activehdl}] -force -quiet
update_compile_order -fileset sources_1
export_ip_user_files -of_objects  [get_files C:/Users/Administrator/Desktop/Shake_3/Shake_1.srcs/sources_1/new/clk_10.v] -no_script -reset -force -quiet
remove_files  C:/Users/Administrator/Desktop/Shake_3/Shake_1.srcs/sources_1/new/clk_10.v
file delete -force C:/Users/Administrator/Desktop/Shake_3/Shake_1.srcs/sources_1/new/clk_10.v
remove_files  C:/Users/Administrator/Desktop/Shake_3/Shake_1.srcs/sources_1/new/clk_10.v
WARNING: [Vivado 12-818] No files matched 'C:/Users/Administrator/Desktop/Shake_3/Shake_1.srcs/sources_1/new/clk_10.v'
update_compile_order -fileset sources_1
reset_run synth_1
launch_runs synth_1 -jobs 4
INFO: [Vivado 12-4149] The synthesis checkpoint for IP 'C:/Users/Administrator/Desktop/Shake_3/Shake_1.srcs/sources_1/ip/clk_wiz_0/clk_wiz_0.xci' is already up-to-date
[Sun Aug  2 15:47:19 2020] Launched synth_1...
Run output will be captured here: C:/Users/Administrator/Desktop/Shake_3/Shake_1.runs/synth_1/runme.log
launch_runs impl_1 -jobs 4
INFO: [Vivado 12-4149] The synthesis checkpoint for IP 'C:/Users/Administrator/Desktop/Shake_3/Shake_1.srcs/sources_1/ip/clk_wiz_0/clk_wiz_0.xci' is already up-to-date
[Sun Aug  2 15:48:29 2020] Launched impl_1...
Run output will be captured here: C:/Users/Administrator/Desktop/Shake_3/Shake_1.runs/impl_1/runme.log
launch_runs impl_1 -to_step write_bitstream -jobs 4
INFO: [Vivado 12-4149] The synthesis checkpoint for IP 'C:/Users/Administrator/Desktop/Shake_3/Shake_1.srcs/sources_1/ip/clk_wiz_0/clk_wiz_0.xci' is already up-to-date
[Sun Aug  2 15:50:27 2020] Launched impl_1...
Run output will be captured here: C:/Users/Administrator/Desktop/Shake_3/Shake_1.runs/impl_1/runme.log
open_run impl_1
INFO: [Netlist 29-17] Analyzing 71 Unisim elements for replacement
INFO: [Netlist 29-28] Unisim Transformation completed in 0 CPU seconds
INFO: [Project 1-479] Netlist was created with Vivado 2018.3
INFO: [Device 21-403] Loading part xc7s15ftgb196-1
INFO: [Project 1-570] Preparing netlist for logic optimization
INFO: [Constraints 18-4398] Generator version for shapeDB does not match. shapeDB will be regenerated.
INFO: [Timing 38-478] Restoring timing data from binary archive.
INFO: [Timing 38-479] Binary timing data restore complete.
INFO: [Project 1-856] Restoring constraints from binary archive.
INFO: [Project 1-853] Binary constraint restore complete.
Reading XDEF placement.
Reading placer database...
Reading XDEF routing.
Read XDEF File: Time (s): cpu = 00:00:00 ; elapsed = 00:00:00.217 . Memory (MB): peak = 1699.266 ; gain = 0.000
Restored from archive | CPU: 0.000000 secs | Memory: 0.000000 MB |
Finished XDEF File Restore: Time (s): cpu = 00:00:00 ; elapsed = 00:00:00.222 . Memory (MB): peak = 1699.266 ; gain = 0.000
Netlist sorting complete. Time (s): cpu = 00:00:00 ; elapsed = 00:00:00.001 . Memory (MB): peak = 1699.266 ; gain = 0.000
INFO: [Project 1-111] Unisim Transformation Summary:
  A total of 5 instances were transformed.
  IOBUF => IOBUF (IBUF, OBUFT): 5 instances

open_run: Time (s): cpu = 00:00:39 ; elapsed = 00:00:28 . Memory (MB): peak = 1795.543 ; gain = 751.125
exit
INFO: [Common 17-206] Exiting Vivado at Sun Aug  2 16:49:01 2020...
