#-----------------------------------------------------------
# Vivado v2018.3 (64-bit)
# SW Build 2405991 on Thu Dec  6 23:38:27 MST 2018
# IP Build 2404404 on Fri Dec  7 01:43:56 MST 2018
# Start of session at: Sun Aug  2 11:07:32 2020
# Process ID: 11948
# Current directory: C:/Users/Administrator/Desktop/Shake_3
# Command line: vivado.exe -gui_launcher_event rodinguilauncherevent4684 C:\Users\Administrator\Desktop\Shake_3\Shake_1.xpr
# Log file: C:/Users/Administrator/Desktop/Shake_3/vivado.log
# Journal file: C:/Users/Administrator/Desktop/Shake_3\vivado.jou
#-----------------------------------------------------------
start_gui
open_project C:/Users/Administrator/Desktop/Shake_3/Shake_1.xpr
INFO: [Project 1-313] Project file moved from 'E:/VivadoProject/Shake_2' since last save.
Scanning sources...
Finished scanning sources
INFO: [IP_Flow 19-234] Refreshing IP repositories
INFO: [IP_Flow 19-1704] No user IP repositories specified
INFO: [IP_Flow 19-2313] Loaded Vivado IP repository 'C:/Xilinx/Vivado/2018.3/data/ip'.
open_project: Time (s): cpu = 00:00:25 ; elapsed = 00:00:13 . Memory (MB): peak = 817.547 ; gain = 204.281
update_compile_order -fileset sources_1
add_files -norecurse -scan_for_includes C:/Users/Administrator/Desktop/Shake_3/Shake_1.srcs/sources_1/new/QSPI_slave.v
update_compile_order -fileset sources_1
reset_run synth_1
launch_runs synth_1 -jobs 4
[Sun Aug  2 11:09:23 2020] Launched synth_1...
Run output will be captured here: C:/Users/Administrator/Desktop/Shake_3/Shake_1.runs/synth_1/runme.log
launch_runs impl_1 -jobs 4
[Sun Aug  2 11:10:21 2020] Launched impl_1...
Run output will be captured here: C:/Users/Administrator/Desktop/Shake_3/Shake_1.runs/impl_1/runme.log
launch_runs impl_1 -to_step write_bitstream -jobs 4
[Sun Aug  2 11:11:38 2020] Launched impl_1...
Run output will be captured here: C:/Users/Administrator/Desktop/Shake_3/Shake_1.runs/impl_1/runme.log
reset_run synth_1
update_compile_order -fileset sources_1
launch_runs synth_1 -jobs 4
[Sun Aug  2 13:42:18 2020] Launched synth_1...
Run output will be captured here: C:/Users/Administrator/Desktop/Shake_3/Shake_1.runs/synth_1/runme.log
launch_runs impl_1 -jobs 4
[Sun Aug  2 13:43:36 2020] Launched impl_1...
Run output will be captured here: C:/Users/Administrator/Desktop/Shake_3/Shake_1.runs/impl_1/runme.log
launch_runs impl_1 -to_step write_bitstream -jobs 4
[Sun Aug  2 13:45:01 2020] Launched impl_1...
Run output will be captured here: C:/Users/Administrator/Desktop/Shake_3/Shake_1.runs/impl_1/runme.log
reset_run synth_1
launch_runs synth_1 -jobs 4
[Sun Aug  2 13:49:04 2020] Launched synth_1...
Run output will be captured here: C:/Users/Administrator/Desktop/Shake_3/Shake_1.runs/synth_1/runme.log
launch_runs impl_1 -jobs 4
[Sun Aug  2 13:50:04 2020] Launched impl_1...
Run output will be captured here: C:/Users/Administrator/Desktop/Shake_3/Shake_1.runs/impl_1/runme.log
launch_runs impl_1 -to_step write_bitstream -jobs 4
[Sun Aug  2 13:51:19 2020] Launched impl_1...
Run output will be captured here: C:/Users/Administrator/Desktop/Shake_3/Shake_1.runs/impl_1/runme.log
open_run impl_1
INFO: [Netlist 29-17] Analyzing 72 Unisim elements for replacement
INFO: [Netlist 29-28] Unisim Transformation completed in 0 CPU seconds
INFO: [Project 1-479] Netlist was created with Vivado 2018.3
INFO: [Device 21-403] Loading part xc7s15ftgb196-1
INFO: [Project 1-570] Preparing netlist for logic optimization
INFO: [Constraints 18-4398] Generator version for shapeDB does not match. shapeDB will be regenerated.
INFO: [Timing 38-478] Restoring timing data from binary archive.
INFO: [Timing 38-479] Binary timing data restore complete.
INFO: [Project 1-856] Restoring constraints from binary archive.
INFO: [Project 1-853] Binary constraint restore complete.
Reading XDEF placement.
Reading placer database...
Reading XDEF routing.
Read XDEF File: Time (s): cpu = 00:00:00 ; elapsed = 00:00:00.168 . Memory (MB): peak = 1906.461 ; gain = 0.000
Restored from archive | CPU: 0.000000 secs | Memory: 0.000000 MB |
Finished XDEF File Restore: Time (s): cpu = 00:00:00 ; elapsed = 00:00:00.169 . Memory (MB): peak = 1906.461 ; gain = 0.000
Netlist sorting complete. Time (s): cpu = 00:00:00 ; elapsed = 00:00:00.001 . Memory (MB): peak = 1906.461 ; gain = 0.000
INFO: [Project 1-111] Unisim Transformation Summary:
  A total of 2 instances were transformed.
  IOBUF => IOBUF (IBUF, OBUFT): 2 instances

open_run: Time (s): cpu = 00:00:34 ; elapsed = 00:00:25 . Memory (MB): peak = 1906.461 ; gain = 0.000
WARNING: [IP_Flow 19-4067] Ignoring invalid widget type specified checkbox.Providing a default widget
WARNING: [IP_Flow 19-4067] Ignoring invalid widget type specified checkbox.Providing a default widget
create_ip -name blk_mem_gen -vendor xilinx.com -library ip -version 8.4 -module_name blk_mem_gen_0 -dir c:/Users/Administrator/Desktop/Shake_3/Shake_1.srcs/sources_1/ip
set_property -dict [list CONFIG.Write_Width_A {8} CONFIG.Write_Depth_A {256} CONFIG.Read_Width_A {8} CONFIG.Operating_Mode_A {READ_FIRST} CONFIG.Enable_A {Always_Enabled} CONFIG.Write_Width_B {8} CONFIG.Read_Width_B {8}] [get_ips blk_mem_gen_0]
generate_target {instantiation_template} [get_files c:/Users/Administrator/Desktop/Shake_3/Shake_1.srcs/sources_1/ip/blk_mem_gen_0/blk_mem_gen_0.xci]
INFO: [IP_Flow 19-1686] Generating 'Instantiation Template' target for IP 'blk_mem_gen_0'...
generate_target all [get_files  c:/Users/Administrator/Desktop/Shake_3/Shake_1.srcs/sources_1/ip/blk_mem_gen_0/blk_mem_gen_0.xci]
INFO: [IP_Flow 19-1686] Generating 'Synthesis' target for IP 'blk_mem_gen_0'...
INFO: [IP_Flow 19-1686] Generating 'Simulation' target for IP 'blk_mem_gen_0'...
INFO: [IP_Flow 19-1686] Generating 'Miscellaneous' target for IP 'blk_mem_gen_0'...
INFO: [IP_Flow 19-1686] Generating 'Change Log' target for IP 'blk_mem_gen_0'...
catch { config_ip_cache -export [get_ips -all blk_mem_gen_0] }
INFO: [IP_Flow 19-4993] Using cached IP synthesis design for IP blk_mem_gen_0, cache-ID = 5b5b703941328d78; cache size = 0.113 MB.
export_ip_user_files -of_objects [get_files c:/Users/Administrator/Desktop/Shake_3/Shake_1.srcs/sources_1/ip/blk_mem_gen_0/blk_mem_gen_0.xci] -no_script -sync -force -quiet
create_ip_run [get_files -of_objects [get_fileset sources_1] c:/Users/Administrator/Desktop/Shake_3/Shake_1.srcs/sources_1/ip/blk_mem_gen_0/blk_mem_gen_0.xci]
INFO: [Vivado 12-3453] The given sub-design is up-to-date, no action was taken.  If a run is still desired, use the '-force' option for the file:'c:/Users/Administrator/Desktop/Shake_3/Shake_1.srcs/sources_1/ip/blk_mem_gen_0/blk_mem_gen_0.xci'
export_simulation -of_objects [get_files c:/Users/Administrator/Desktop/Shake_3/Shake_1.srcs/sources_1/ip/blk_mem_gen_0/blk_mem_gen_0.xci] -directory C:/Users/Administrator/Desktop/Shake_3/Shake_1.ip_user_files/sim_scripts -ip_user_files_dir C:/Users/Administrator/Desktop/Shake_3/Shake_1.ip_user_files -ipstatic_source_dir C:/Users/Administrator/Desktop/Shake_3/Shake_1.ip_user_files/ipstatic -lib_map_path [list {modelsim=C:/Users/Administrator/Desktop/Shake_3/Shake_1.cache/compile_simlib/modelsim} {questa=C:/Users/Administrator/Desktop/Shake_3/Shake_1.cache/compile_simlib/questa} {riviera=C:/Users/Administrator/Desktop/Shake_3/Shake_1.cache/compile_simlib/riviera} {activehdl=C:/Users/Administrator/Desktop/Shake_3/Shake_1.cache/compile_simlib/activehdl}] -use_ip_compiled_libs -force -quiet
update_compile_order -fileset sources_1
reset_run synth_1
launch_runs synth_1 -jobs 4
[Sun Aug  2 14:01:10 2020] Launched synth_1...
Run output will be captured here: C:/Users/Administrator/Desktop/Shake_3/Shake_1.runs/synth_1/runme.log
WARNING: [IP_Flow 19-4067] Ignoring invalid widget type specified checkbox.Providing a default widget
WARNING: [IP_Flow 19-4067] Ignoring invalid widget type specified checkbox.Providing a default widget
set_property -dict [list CONFIG.Memory_Type {Dual_Port_ROM} CONFIG.Operating_Mode_A {WRITE_FIRST} CONFIG.Enable_B {Use_ENB_Pin} CONFIG.Register_PortB_Output_of_Memory_Primitives {true} CONFIG.Port_A_Write_Rate {0} CONFIG.Port_B_Clock {100} CONFIG.Port_B_Enable_Rate {100}] [get_ips blk_mem_gen_0]
generate_target all [get_files  c:/Users/Administrator/Desktop/Shake_3/Shake_1.srcs/sources_1/ip/blk_mem_gen_0/blk_mem_gen_0.xci]
INFO: [IP_Flow 19-1686] Generating 'Instantiation Template' target for IP 'blk_mem_gen_0'...
INFO: [IP_Flow 19-1686] Generating 'Synthesis' target for IP 'blk_mem_gen_0'...
INFO: [IP_Flow 19-1686] Generating 'Simulation' target for IP 'blk_mem_gen_0'...
INFO: [IP_Flow 19-1686] Generating 'Miscellaneous' target for IP 'blk_mem_gen_0'...
INFO: [IP_Flow 19-1686] Generating 'Change Log' target for IP 'blk_mem_gen_0'...
catch { config_ip_cache -export [get_ips -all blk_mem_gen_0] }
export_ip_user_files -of_objects [get_files c:/Users/Administrator/Desktop/Shake_3/Shake_1.srcs/sources_1/ip/blk_mem_gen_0/blk_mem_gen_0.xci] -no_script -sync -force -quiet
create_ip_run [get_files -of_objects [get_fileset sources_1] c:/Users/Administrator/Desktop/Shake_3/Shake_1.srcs/sources_1/ip/blk_mem_gen_0/blk_mem_gen_0.xci]
launch_runs -jobs 4 blk_mem_gen_0_synth_1
[Sun Aug  2 14:06:10 2020] Launched blk_mem_gen_0_synth_1...
Run output will be captured here: C:/Users/Administrator/Desktop/Shake_3/Shake_1.runs/blk_mem_gen_0_synth_1/runme.log
export_simulation -of_objects [get_files c:/Users/Administrator/Desktop/Shake_3/Shake_1.srcs/sources_1/ip/blk_mem_gen_0/blk_mem_gen_0.xci] -directory C:/Users/Administrator/Desktop/Shake_3/Shake_1.ip_user_files/sim_scripts -ip_user_files_dir C:/Users/Administrator/Desktop/Shake_3/Shake_1.ip_user_files -ipstatic_source_dir C:/Users/Administrator/Desktop/Shake_3/Shake_1.ip_user_files/ipstatic -lib_map_path [list {modelsim=C:/Users/Administrator/Desktop/Shake_3/Shake_1.cache/compile_simlib/modelsim} {questa=C:/Users/Administrator/Desktop/Shake_3/Shake_1.cache/compile_simlib/questa} {riviera=C:/Users/Administrator/Desktop/Shake_3/Shake_1.cache/compile_simlib/riviera} {activehdl=C:/Users/Administrator/Desktop/Shake_3/Shake_1.cache/compile_simlib/activehdl}] -use_ip_compiled_libs -force -quiet
WARNING: [IP_Flow 19-4067] Ignoring invalid widget type specified checkbox.Providing a default widget
WARNING: [IP_Flow 19-4067] Ignoring invalid widget type specified checkbox.Providing a default widget
WARNING: [IP_Flow 19-4067] Ignoring invalid widget type specified checkbox.Providing a default widget
WARNING: [IP_Flow 19-4067] Ignoring invalid widget type specified checkbox.Providing a default widget
set_property -dict [list CONFIG.Memory_Type {True_Dual_Port_RAM} CONFIG.Operating_Mode_A {READ_FIRST} CONFIG.Operating_Mode_B {READ_FIRST} CONFIG.Enable_B {Always_Enabled} CONFIG.Port_A_Write_Rate {50} CONFIG.Port_B_Write_Rate {50}] [get_ips blk_mem_gen_0]
generate_target all [get_files  c:/Users/Administrator/Desktop/Shake_3/Shake_1.srcs/sources_1/ip/blk_mem_gen_0/blk_mem_gen_0.xci]
INFO: [IP_Flow 19-1686] Generating 'Instantiation Template' target for IP 'blk_mem_gen_0'...
INFO: [IP_Flow 19-1686] Generating 'Synthesis' target for IP 'blk_mem_gen_0'...
INFO: [IP_Flow 19-1686] Generating 'Simulation' target for IP 'blk_mem_gen_0'...
INFO: [IP_Flow 19-1686] Generating 'Miscellaneous' target for IP 'blk_mem_gen_0'...
INFO: [IP_Flow 19-1686] Generating 'Change Log' target for IP 'blk_mem_gen_0'...
catch { config_ip_cache -export [get_ips -all blk_mem_gen_0] }
export_ip_user_files -of_objects [get_files c:/Users/Administrator/Desktop/Shake_3/Shake_1.srcs/sources_1/ip/blk_mem_gen_0/blk_mem_gen_0.xci] -no_script -sync -force -quiet
reset_run blk_mem_gen_0_synth_1
launch_runs -jobs 4 blk_mem_gen_0_synth_1
[Sun Aug  2 14:09:54 2020] Launched blk_mem_gen_0_synth_1...
Run output will be captured here: C:/Users/Administrator/Desktop/Shake_3/Shake_1.runs/blk_mem_gen_0_synth_1/runme.log
export_simulation -of_objects [get_files c:/Users/Administrator/Desktop/Shake_3/Shake_1.srcs/sources_1/ip/blk_mem_gen_0/blk_mem_gen_0.xci] -directory C:/Users/Administrator/Desktop/Shake_3/Shake_1.ip_user_files/sim_scripts -ip_user_files_dir C:/Users/Administrator/Desktop/Shake_3/Shake_1.ip_user_files -ipstatic_source_dir C:/Users/Administrator/Desktop/Shake_3/Shake_1.ip_user_files/ipstatic -lib_map_path [list {modelsim=C:/Users/Administrator/Desktop/Shake_3/Shake_1.cache/compile_simlib/modelsim} {questa=C:/Users/Administrator/Desktop/Shake_3/Shake_1.cache/compile_simlib/questa} {riviera=C:/Users/Administrator/Desktop/Shake_3/Shake_1.cache/compile_simlib/riviera} {activehdl=C:/Users/Administrator/Desktop/Shake_3/Shake_1.cache/compile_simlib/activehdl}] -use_ip_compiled_libs -force -quiet
WARNING: [IP_Flow 19-4067] Ignoring invalid widget type specified checkbox.Providing a default widget
WARNING: [IP_Flow 19-4067] Ignoring invalid widget type specified checkbox.Providing a default widget
reset_run synth_1
WARNING: [Vivado 12-1017] Problems encountered:
1. Failed to delete one or more files in run directory C:/Users/Administrator/Desktop/Shake_3/Shake_1.runs/synth_1

launch_runs synth_1 -jobs 4
[Sun Aug  2 14:10:22 2020] Launched blk_mem_gen_0_synth_1...
Run output will be captured here: C:/Users/Administrator/Desktop/Shake_3/Shake_1.runs/blk_mem_gen_0_synth_1/runme.log
[Sun Aug  2 14:10:22 2020] Launched synth_1...
Run output will be captured here: C:/Users/Administrator/Desktop/Shake_3/Shake_1.runs/synth_1/runme.log
close [ open C:/Users/Administrator/Desktop/Shake_3/Shake_1.srcs/sources_1/new/Ram.v w ]
add_files C:/Users/Administrator/Desktop/Shake_3/Shake_1.srcs/sources_1/new/Ram.v
update_compile_order -fileset sources_1
update_compile_order -fileset sources_1
reset_run synth_1
launch_runs synth_1 -jobs 4
[Sun Aug  2 14:21:07 2020] Launched synth_1...
Run output will be captured here: C:/Users/Administrator/Desktop/Shake_3/Shake_1.runs/synth_1/runme.log
launch_runs impl_1 -jobs 4
[Sun Aug  2 14:22:17 2020] Launched impl_1...
Run output will be captured here: C:/Users/Administrator/Desktop/Shake_3/Shake_1.runs/impl_1/runme.log
launch_runs impl_1 -to_step write_bitstream -jobs 4
[Sun Aug  2 14:24:02 2020] Launched impl_1...
Run output will be captured here: C:/Users/Administrator/Desktop/Shake_3/Shake_1.runs/impl_1/runme.log
set_property  ip_repo_paths  C:/Users/Administrator/Desktop/SEA-master/Examples/FPGA-IP/Frequency-Divider-IP [current_project]
update_ip_catalog
INFO: [IP_Flow 19-234] Refreshing IP repositories
INFO: [IP_Flow 19-1700] Loaded user IP repository 'c:/Users/Administrator/Desktop/SEA-master/Examples/FPGA-IP/Frequency-Divider-IP'.
set_property  ip_repo_paths  {} [current_project]
update_ip_catalog
INFO: [IP_Flow 19-234] Refreshing IP repositories
INFO: [IP_Flow 19-1704] No user IP repositories specified
set_property  ip_repo_paths  C:/Users/Administrator/Desktop/SEA-master/Examples/FPGA-IP/Gyro-IP [current_project]
update_ip_catalog
INFO: [IP_Flow 19-234] Refreshing IP repositories
INFO: [IP_Flow 19-1700] Loaded user IP repository 'c:/Users/Administrator/Desktop/SEA-master/Examples/FPGA-IP/Gyro-IP'.
set_property  ip_repo_paths  {} [current_project]
update_ip_catalog
INFO: [IP_Flow 19-234] Refreshing IP repositories
INFO: [IP_Flow 19-1704] No user IP repositories specified
set_property  ip_repo_paths  C:/Users/Administrator/Desktop/SEA-master/Examples/FPGA/4.Module-Interface/Gyro-Interface/Gyro_Demo_Verilog/Gyro_Demo/Gyro_Demo.ip_user_files [current_project]
update_ip_catalog
INFO: [IP_Flow 19-234] Refreshing IP repositories
INFO: [IP_Flow 19-1700] Loaded user IP repository 'c:/Users/Administrator/Desktop/SEA-master/Examples/FPGA/4.Module-Interface/Gyro-Interface/Gyro_Demo_Verilog/Gyro_Demo/Gyro_Demo.ip_user_files'.
set_property  ip_repo_paths  {} [current_project]
update_ip_catalog
INFO: [IP_Flow 19-234] Refreshing IP repositories
INFO: [IP_Flow 19-1704] No user IP repositories specified
set_property  ip_repo_paths  C:/Users/Administrator/Desktop/Gyro_Demo_Verilog/Gyro_Demo_Verilog.ip_user_files [current_project]
update_ip_catalog
INFO: [IP_Flow 19-234] Refreshing IP repositories
INFO: [IP_Flow 19-1700] Loaded user IP repository 'c:/Users/Administrator/Desktop/Gyro_Demo_Verilog/Gyro_Demo_Verilog.ip_user_files'.
set_property  ip_repo_paths  {} [current_project]
update_ip_catalog
INFO: [IP_Flow 19-234] Refreshing IP repositories
INFO: [IP_Flow 19-1704] No user IP repositories specified
set_property  ip_repo_paths  C:/Users/Administrator/Desktop/Gyro_Demo_Verilog/Gyro_Demo_Verilog.ip_user_files/ip/clk_wiz_0 [current_project]
update_ip_catalog
INFO: [IP_Flow 19-234] Refreshing IP repositories
INFO: [IP_Flow 19-1700] Loaded user IP repository 'c:/Users/Administrator/Desktop/Gyro_Demo_Verilog/Gyro_Demo_Verilog.ip_user_files/ip/clk_wiz_0'.
set_property  ip_repo_paths  {} [current_project]
update_ip_catalog
INFO: [IP_Flow 19-234] Refreshing IP repositories
INFO: [IP_Flow 19-1704] No user IP repositories specified
set_property  ip_repo_paths  C:/Users/Administrator/Desktop/Gyro_Demo_Verilog/Gyro_Demo_Verilog.srcs/sources_1/ip [current_project]
update_ip_catalog
INFO: [IP_Flow 19-234] Refreshing IP repositories
INFO: [IP_Flow 19-1700] Loaded user IP repository 'c:/Users/Administrator/Desktop/Gyro_Demo_Verilog/Gyro_Demo_Verilog.srcs/sources_1/ip'.
set_property  ip_repo_paths  {} [current_project]
update_ip_catalog
INFO: [IP_Flow 19-234] Refreshing IP repositories
INFO: [IP_Flow 19-1704] No user IP repositories specified
set_property  ip_repo_paths  C:/Users/Administrator/Desktop/Gyro_Demo_Verilog/Gyro_Demo_Verilog.srcs [current_project]
update_ip_catalog
INFO: [IP_Flow 19-234] Refreshing IP repositories
INFO: [IP_Flow 19-1700] Loaded user IP repository 'c:/Users/Administrator/Desktop/Gyro_Demo_Verilog/Gyro_Demo_Verilog.srcs'.
set_property  ip_repo_paths  {} [current_project]
update_ip_catalog
INFO: [IP_Flow 19-234] Refreshing IP repositories
INFO: [IP_Flow 19-1704] No user IP repositories specified
exit
INFO: [Common 17-206] Exiting Vivado at Sun Aug  2 15:38:12 2020...
