#-----------------------------------------------------------
# Vivado v2018.3 (64-bit)
# SW Build 2405991 on Thu Dec  6 23:38:27 MST 2018
# IP Build 2404404 on Fri Dec  7 01:43:56 MST 2018
# Start of session at: Thu Jul 30 17:00:10 2020
# Process ID: 3208
# Current directory: E:/VivadoProject/Shake_2
# Command line: vivado.exe -gui_launcher_event rodinguilauncherevent17204 E:\VivadoProject\Shake_2\Shake_1.xpr
# Log file: E:/VivadoProject/Shake_2/vivado.log
# Journal file: E:/VivadoProject/Shake_2\vivado.jou
#-----------------------------------------------------------
start_gui
open_project E:/VivadoProject/Shake_2/Shake_1.xpr
INFO: [Project 1-313] Project file moved from 'E:/VivadoProject/Shake_1' since last save.
Scanning sources...
Finished scanning sources
INFO: [IP_Flow 19-234] Refreshing IP repositories
INFO: [IP_Flow 19-1704] No user IP repositories specified
INFO: [IP_Flow 19-2313] Loaded Vivado IP repository 'D:/Vivado/Vivado/2018.3/data/ip'.
open_project: Time (s): cpu = 00:00:20 ; elapsed = 00:00:25 . Memory (MB): peak = 791.254 ; gain = 210.625
update_compile_order -fileset sources_1
exit
INFO: [Common 17-206] Exiting Vivado at Thu Jul 30 17:43:06 2020...
