#-----------------------------------------------------------
# Vivado v2018.3 (64-bit)
# SW Build 2405991 on Thu Dec  6 23:38:27 MST 2018
# IP Build 2404404 on Fri Dec  7 01:43:56 MST 2018
# Start of session at: Fri Jul 31 10:21:24 2020
# Process ID: 9996
# Current directory: E:/VivadoProject/Shake_2
# Command line: vivado.exe -gui_launcher_event rodinguilauncherevent10220 E:\VivadoProject\Shake_2\Shake_1.xpr
# Log file: E:/VivadoProject/Shake_2/vivado.log
# Journal file: E:/VivadoProject/Shake_2\vivado.jou
#-----------------------------------------------------------
start_gui
open_project E:/VivadoProject/Shake_2/Shake_1.xpr
INFO: [Project 1-313] Project file moved from 'E:/VivadoProject/Shake_1' since last save.
Scanning sources...
Finished scanning sources
INFO: [IP_Flow 19-234] Refreshing IP repositories
INFO: [IP_Flow 19-1704] No user IP repositories specified
INFO: [IP_Flow 19-2313] Loaded Vivado IP repository 'D:/Vivado/Vivado/2018.3/data/ip'.
open_project: Time (s): cpu = 00:00:17 ; elapsed = 00:00:09 . Memory (MB): peak = 808.750 ; gain = 165.434
update_compile_order -fileset sources_1
close [ open E:/VivadoProject/Shake_2/Shake_1.srcs/sources_1/new/UART_Ctrl.v w ]
add_files E:/VivadoProject/Shake_2/Shake_1.srcs/sources_1/new/UART_Ctrl.v
update_compile_order -fileset sources_1
close [ open E:/VivadoProject/Shake_2/Shake_1.srcs/sources_1/new/clk_division.v w ]
add_files E:/VivadoProject/Shake_2/Shake_1.srcs/sources_1/new/clk_division.v
update_compile_order -fileset sources_1
close [ open E:/VivadoProject/Shake_2/Shake_1.srcs/sources_1/new/Trigger_Generator.v w ]
add_files E:/VivadoProject/Shake_2/Shake_1.srcs/sources_1/new/Trigger_Generator.v
update_compile_order -fileset sources_1
update_compile_order -fileset sources_1
update_compile_order -fileset sources_1
update_compile_order -fileset sources_1
export_ip_user_files -of_objects  [get_files E:/VivadoProject/Shake_2/Shake_1.srcs/sources_1/new/Clk_division0.v] -no_script -reset -force -quiet
remove_files  E:/VivadoProject/Shake_2/Shake_1.srcs/sources_1/new/Clk_division0.v
file delete -force E:/VivadoProject/Shake_2/Shake_1.srcs/sources_1/new/Clk_division0.v
remove_files  E:/VivadoProject/Shake_2/Shake_1.srcs/sources_1/new/Clk_division0.v
WARNING: [Vivado 12-818] No files matched 'E:/VivadoProject/Shake_2/Shake_1.srcs/sources_1/new/Clk_division0.v'
export_ip_user_files -of_objects  [get_files E:/VivadoProject/Shake_2/Shake_1.srcs/sources_1/new/Clk_division1.v] -no_script -reset -force -quiet
remove_files  E:/VivadoProject/Shake_2/Shake_1.srcs/sources_1/new/Clk_division1.v
file delete -force E:/VivadoProject/Shake_2/Shake_1.srcs/sources_1/new/Clk_division1.v
remove_files  E:/VivadoProject/Shake_2/Shake_1.srcs/sources_1/new/Clk_division1.v
WARNING: [Vivado 12-818] No files matched 'E:/VivadoProject/Shake_2/Shake_1.srcs/sources_1/new/Clk_division1.v'
export_ip_user_files -of_objects  [get_files E:/VivadoProject/Shake_2/Shake_1.srcs/sources_1/new/UART_send.v] -no_script -reset -force -quiet
remove_files  E:/VivadoProject/Shake_2/Shake_1.srcs/sources_1/new/UART_send.v
file delete -force E:/VivadoProject/Shake_2/Shake_1.srcs/sources_1/new/UART_send.v
reset_run synth_1
launch_runs synth_1 -jobs 4
[Fri Jul 31 13:33:30 2020] Launched synth_1...
Run output will be captured here: E:/VivadoProject/Shake_2/Shake_1.runs/synth_1/runme.log
reset_run synth_1
launch_runs synth_1 -jobs 4
[Fri Jul 31 13:34:59 2020] Launched synth_1...
Run output will be captured here: E:/VivadoProject/Shake_2/Shake_1.runs/synth_1/runme.log
reset_run synth_1
launch_runs synth_1 -jobs 4
[Fri Jul 31 13:35:55 2020] Launched synth_1...
Run output will be captured here: E:/VivadoProject/Shake_2/Shake_1.runs/synth_1/runme.log
export_ip_user_files -of_objects  [get_files E:/VivadoProject/Shake_2/Shake_1.srcs/sim_1/new/testbench.v] -no_script -reset -force -quiet
remove_files  -fileset sim_1 E:/VivadoProject/Shake_2/Shake_1.srcs/sim_1/new/testbench.v
file delete -force E:/VivadoProject/Shake_2/Shake_1.srcs/sim_1/new/testbench.v
remove_files  -fileset sim_1 E:/VivadoProject/Shake_2/Shake_1.srcs/sim_1/new/testbench.v
WARNING: [Vivado 12-818] No files matched 'E:/VivadoProject/Shake_2/Shake_1.srcs/sim_1/new/testbench.v'
reset_run synth_1
launch_runs impl_1 -jobs 4
[Fri Jul 31 13:39:23 2020] Launched synth_1...
Run output will be captured here: E:/VivadoProject/Shake_2/Shake_1.runs/synth_1/runme.log
[Fri Jul 31 13:39:23 2020] Launched impl_1...
Run output will be captured here: E:/VivadoProject/Shake_2/Shake_1.runs/impl_1/runme.log
reset_run synth_1
launch_runs synth_1 -jobs 4
[Fri Jul 31 13:45:38 2020] Launched synth_1...
Run output will be captured here: E:/VivadoProject/Shake_2/Shake_1.runs/synth_1/runme.log
launch_runs impl_1 -jobs 4
[Fri Jul 31 13:46:23 2020] Launched impl_1...
Run output will be captured here: E:/VivadoProject/Shake_2/Shake_1.runs/impl_1/runme.log
reset_run synth_1
launch_runs impl_1 -jobs 4
[Fri Jul 31 13:49:39 2020] Launched synth_1...
Run output will be captured here: E:/VivadoProject/Shake_2/Shake_1.runs/synth_1/runme.log
[Fri Jul 31 13:49:39 2020] Launched impl_1...
Run output will be captured here: E:/VivadoProject/Shake_2/Shake_1.runs/impl_1/runme.log
open_run impl_1
INFO: [Netlist 29-17] Analyzing 71 Unisim elements for replacement
INFO: [Netlist 29-28] Unisim Transformation completed in 0 CPU seconds
INFO: [Project 1-479] Netlist was created with Vivado 2018.3
INFO: [Device 21-403] Loading part xc7s15ftgb196-1
INFO: [Project 1-570] Preparing netlist for logic optimization
INFO: [Constraints 18-4398] Generator version for shapeDB does not match. shapeDB will be regenerated.
INFO: [Timing 38-478] Restoring timing data from binary archive.
INFO: [Timing 38-479] Binary timing data restore complete.
INFO: [Project 1-856] Restoring constraints from binary archive.
INFO: [Project 1-853] Binary constraint restore complete.
Reading XDEF placement.
Reading placer database...
Reading XDEF routing.
Read XDEF File: Time (s): cpu = 00:00:00 ; elapsed = 00:00:00.169 . Memory (MB): peak = 1656.609 ; gain = 0.000
Restored from archive | CPU: 0.000000 secs | Memory: 0.000000 MB |
Finished XDEF File Restore: Time (s): cpu = 00:00:00 ; elapsed = 00:00:00.169 . Memory (MB): peak = 1656.609 ; gain = 0.000
Netlist sorting complete. Time (s): cpu = 00:00:00 ; elapsed = 00:00:00 . Memory (MB): peak = 1656.609 ; gain = 0.000
INFO: [Project 1-111] Unisim Transformation Summary:
  A total of 1 instances were transformed.
  IOBUF => IOBUF (IBUF, OBUFT): 1 instances

open_run: Time (s): cpu = 00:00:25 ; elapsed = 00:00:23 . Memory (MB): peak = 1761.004 ; gain = 816.160
reset_run impl_1
launch_runs impl_1 -jobs 4
[Fri Jul 31 13:52:01 2020] Launched impl_1...
Run output will be captured here: E:/VivadoProject/Shake_2/Shake_1.runs/impl_1/runme.log
close_design
launch_runs impl_1 -to_step write_bitstream -jobs 4
[Fri Jul 31 13:53:03 2020] Launched impl_1...
Run output will be captured here: E:/VivadoProject/Shake_2/Shake_1.runs/impl_1/runme.log
exit
INFO: [Common 17-206] Exiting Vivado at Fri Jul 31 13:54:04 2020...
